<?xml version="1.0" encoding="UTF-8"?>
<!-- Generated by org.testng.reporters.JUnitReportReporter -->
<testsuite hostname="CI-L100-20" failures="0" tests="1" name="Practice.ProjectPractice1.AmazonE2E" time="23.357" errors="0" timestamp="2024-02-11T23:06:15 IST" skipped="0">
  <testcase classname="Practice.ProjectPractice1.AmazonE2E" name="E2EFlow" time="23.357"/>
</testsuite> <!-- Practice.ProjectPractice1.AmazonE2E -->
